Change Physical Footprint: Designator=C1 Old Footprint=C0805 New Footprint=C0805
Change Physical Footprint: Designator=C2 Old Footprint=C0805 New Footprint=C0805
Change Physical Footprint: Designator=C3 Old Footprint=C-3.5x8 New Footprint=C-3.5x8
Change Physical Footprint: Designator=C4 Old Footprint=C-3.5x8 New Footprint=C-3.5x8
Change Physical Footprint: Designator=C5 Old Footprint=C-3.5x8 New Footprint=C-3.5x8
Change Physical Footprint: Designator=D1 Old Footprint=DO41-10 New Footprint=DO41-10
Change Physical Footprint: Designator=D2 Old Footprint=DO41-10 New Footprint=DO41-10
Change Physical Footprint: Designator=D3 Old Footprint=DO35-10 New Footprint=DO35-10
Change Physical Footprint: Designator=D4 Old Footprint=DO41-10 New Footprint=DO41-10
Change Physical Footprint: Designator=D5 Old Footprint=DO41-10 New Footprint=DO41-10
Change Physical Footprint: Designator=D6 Old Footprint=DO41-10 New Footprint=DO41-10
Change Physical Footprint: Designator=D7 Old Footprint=DO35-10 New Footprint=DO35-10
Change Physical Footprint: Designator=D8 Old Footprint=DO41-10 New Footprint=DO41-10
Change Physical Footprint: Designator=D9 Old Footprint=DO41-10 New Footprint=DO41-10
Change Physical Footprint: Designator=D10 Old Footprint=DO41-10 New Footprint=DO41-10
Change Physical Footprint: Designator=IC1 Old Footprint=SOIC-8 New Footprint=SOIC-8
Change Physical Footprint: Designator=P1 Old Footprint=PINHD-1X02 ONCE New Footprint=PINHD-1X02 ONCE
Change Physical Footprint: Designator=P2 Old Footprint=PINHD-1X02 ONCE New Footprint=PINHD-1X02 ONCE
Change Physical Footprint: Designator=P3 Old Footprint=PINHD-1X02 ONCE New Footprint=PINHD-1X02 ONCE
Change Physical Footprint: Designator=P4 Old Footprint=PINHD-1X02 ONCE New Footprint=PINHD-1X02 ONCE
Change Physical Footprint: Designator=P5 Old Footprint=PINHD-1X02 ONCE New Footprint=PINHD-1X02 ONCE
Change Physical Footprint: Designator=P6 Old Footprint=PINHD-1X02 ONCE New Footprint=PINHD-1X02 ONCE
Change Physical Footprint: Designator=P7 Old Footprint=PINHD-1X02 ONCE New Footprint=PINHD-1X02 ONCE
Change Physical Footprint: Designator=P8 Old Footprint=PINHD-1X02 ONCE New Footprint=PINHD-1X02 ONCE
Change Physical Footprint: Designator=P9 Old Footprint=PINHD-1X03 New Footprint=PINHD-1X03
Change Physical Footprint: Designator=P10 Old Footprint=PINHD-1X03 New Footprint=PINHD-1X03
Change Physical Footprint: Designator=P11 Old Footprint=PINHD-1X02 ONCE New Footprint=PINHD-1X02 ONCE
Change Physical Footprint: Designator=P12 Old Footprint=PINHD-1X02 ONCE New Footprint=PINHD-1X02 ONCE
Change Physical Footprint: Designator=P13 Old Footprint=PINHD-1X03 New Footprint=PINHD-1X03
Change Physical Footprint: Designator=P14 Old Footprint=PINHD-1X02 ONCE New Footprint=PINHD-1X02 ONCE
Change Physical Footprint: Designator=P15 Old Footprint=PINHD-1X02 New Footprint=PINHD-1X02
Change Physical Footprint: Designator=P16 Old Footprint=PINHD-1X02 ONCE New Footprint=PINHD-1X02 ONCE
Change Physical Footprint: Designator=P17 Old Footprint=PINHD-1X02 ONCE New Footprint=PINHD-1X02 ONCE
Change Physical Footprint: Designator=P18 Old Footprint=PINHD-1X02 ONCE New Footprint=PINHD-1X02 ONCE
Change Physical Footprint: Designator=P19 Old Footprint=PINHD-1X02 ONCE New Footprint=PINHD-1X02 ONCE
Change Physical Footprint: Designator=P20 Old Footprint=PINHD-1X02 ONCE New Footprint=PINHD-1X02 ONCE
Change Physical Footprint: Designator=P21 Old Footprint=PINHD-1X02 ONCE New Footprint=PINHD-1X02 ONCE
Change Physical Footprint: Designator=P22 Old Footprint=PINHD-1X02 ONCE New Footprint=PINHD-1X02 ONCE
Change Physical Footprint: Designator=P23 Old Footprint=PINHD-1X02 ONCE New Footprint=PINHD-1X02 ONCE
Change Physical Footprint: Designator=R1 Old Footprint=R0805 New Footprint=R0805
Change Physical Footprint: Designator=R2 Old Footprint=R0805 New Footprint=R0805
Change Physical Footprint: Designator=R3 Old Footprint=R0805 New Footprint=R0805
Change Physical Footprint: Designator=R4 Old Footprint=R0805 New Footprint=R0805
Change Physical Footprint: Designator=R5 Old Footprint=R0805 New Footprint=R0805
