Replace Part C3 UVR1H101MPD in C:\GitHub\EA531_-_Development_Kit_Basic\All-in-One\All-in-One\Experiment 2.SchDoc with UVR1H101MPD from Capacitors.IntLib
Replace Part D1 1N4148 in C:\GitHub\EA531_-_Development_Kit_Basic\All-in-One\All-in-One\Experiment 2.SchDoc with 1N4148 from Diodes.IntLib
Replace Part D2 1N4148 in C:\GitHub\EA531_-_Development_Kit_Basic\All-in-One\All-in-One\Experiment 2.SchDoc with 1N4148 from Diodes.IntLib
Replace Part D3 1N4001 in C:\GitHub\EA531_-_Development_Kit_Basic\All-in-One\All-in-One\Experiment 2.SchDoc with 1N4001 from Diodes.IntLib
Replace Part D4 1N4001 in C:\GitHub\EA531_-_Development_Kit_Basic\All-in-One\All-in-One\Experiment 2.SchDoc with 1N4001 from Diodes.IntLib
Replace Part D5 1N4001 in C:\GitHub\EA531_-_Development_Kit_Basic\All-in-One\All-in-One\Experiment 2.SchDoc with 1N4001 from Diodes.IntLib
Replace Part D6 1N4001 in C:\GitHub\EA531_-_Development_Kit_Basic\All-in-One\All-in-One\Experiment 2.SchDoc with 1N4001 from Diodes.IntLib
Replace Part D7 1N4001 in C:\GitHub\EA531_-_Development_Kit_Basic\All-in-One\All-in-One\Experiment 2.SchDoc with 1N4001 from Diodes.IntLib
Replace Part D8 1N4001 in C:\GitHub\EA531_-_Development_Kit_Basic\All-in-One\All-in-One\Experiment 2.SchDoc with 1N4001 from Diodes.IntLib
Replace Part IC1 UA741CDT in C:\GitHub\EA531_-_Development_Kit_Basic\All-in-One\All-in-One\Experiment 2.SchDoc with UA741CDT from ICs.IntLib
Replace Part P3 PIN HEADER 1X02 ONCE in C:\GitHub\EA531_-_Development_Kit_Basic\All-in-One\All-in-One\Experiment 2.SchDoc with PIN HEADER 1X02 ONCE from Connectors.IntLib
Replace Part P4 PIN HEADER 1X02 ONCE in C:\GitHub\EA531_-_Development_Kit_Basic\All-in-One\All-in-One\Experiment 2.SchDoc with PIN HEADER 1X02 ONCE from Connectors.IntLib
Replace Part P5 PIN HEADER 1X02 ONCE in C:\GitHub\EA531_-_Development_Kit_Basic\All-in-One\All-in-One\Experiment 2.SchDoc with PIN HEADER 1X02 ONCE from Connectors.IntLib
Replace Part P6 PIN HEADER 1X02 ONCE in C:\GitHub\EA531_-_Development_Kit_Basic\All-in-One\All-in-One\Experiment 2.SchDoc with PIN HEADER 1X02 ONCE from Connectors.IntLib
Replace Part P10 PIN HEADER 1X03 in C:\GitHub\EA531_-_Development_Kit_Basic\All-in-One\All-in-One\Experiment 2.SchDoc with PIN HEADER 1X03 from Connectors.IntLib
Replace Part P11 PIN HEADER 1X02 ONCE in C:\GitHub\EA531_-_Development_Kit_Basic\All-in-One\All-in-One\Experiment 2.SchDoc with PIN HEADER 1X02 ONCE from Connectors.IntLib
Replace Part P12 PIN HEADER 1X02 ONCE in C:\GitHub\EA531_-_Development_Kit_Basic\All-in-One\All-in-One\Experiment 2.SchDoc with PIN HEADER 1X02 ONCE from Connectors.IntLib
Replace Part P13 PIN HEADER 1X03 in C:\GitHub\EA531_-_Development_Kit_Basic\All-in-One\All-in-One\Experiment 2.SchDoc with PIN HEADER 1X03 from Connectors.IntLib
Replace Part P14 PIN HEADER 1X02 in C:\GitHub\EA531_-_Development_Kit_Basic\All-in-One\All-in-One\Experiment 2.SchDoc with PIN HEADER 1X02 from Connectors.IntLib
Replace Part P15 PIN HEADER 1X02 ONCE in C:\GitHub\EA531_-_Development_Kit_Basic\All-in-One\All-in-One\Experiment 2.SchDoc with PIN HEADER 1X02 ONCE from Connectors.IntLib
Replace Part P16 PIN HEADER 1X02 ONCE in C:\GitHub\EA531_-_Development_Kit_Basic\All-in-One\All-in-One\Experiment 2.SchDoc with PIN HEADER 1X02 ONCE from Connectors.IntLib
Replace Part P17 PIN HEADER 1X02 ONCE in C:\GitHub\EA531_-_Development_Kit_Basic\All-in-One\All-in-One\Experiment 2.SchDoc with PIN HEADER 1X02 ONCE from Connectors.IntLib
Replace Part R3 ERJ-6ENF1001V in C:\GitHub\EA531_-_Development_Kit_Basic\All-in-One\All-in-One\Experiment 2.SchDoc with ERJ-6ENF1001V from Resistors.IntLib
Replace Part R4 ERJ-6ENF1002V in C:\GitHub\EA531_-_Development_Kit_Basic\All-in-One\All-in-One\Experiment 2.SchDoc with ERJ-6ENF1002V from Resistors.IntLib
Replace Part R5 ERJ-6ENF1002V in C:\GitHub\EA531_-_Development_Kit_Basic\All-in-One\All-in-One\Experiment 2.SchDoc with ERJ-6ENF1002V from Resistors.IntLib
